INFO - 2020-11-17 10:19:38,093- create Afghanistan plot- plots
INFO - 2020-11-17 10:19:39,160- create Albania plot- plots
INFO - 2020-11-17 10:19:40,118- create Algeria plot- plots
INFO - 2020-11-17 10:19:41,316- create Andorra plot- plots
INFO - 2020-11-17 10:19:42,837- create Angola plot- plots
INFO - 2020-11-17 10:19:44,069- create Antigua_and_Barbuda plot- plots
INFO - 2020-11-17 10:19:45,316- create Argentina plot- plots
INFO - 2020-11-17 10:19:46,264- create Armenia plot- plots
INFO - 2020-11-17 10:19:47,669- create Australia - Australian Capital Territory plot- plots
INFO - 2020-11-17 10:19:48,725- create Australia - New South Wales plot- plots
INFO - 2020-11-17 10:19:50,387- create Australia - Northern Territory plot- plots
INFO - 2020-11-17 10:19:51,298- create Australia - Queensland plot- plots
INFO - 2020-11-17 10:19:52,187- create Australia - South Australia plot- plots
INFO - 2020-11-17 10:19:53,359- create Australia - Tasmania plot- plots
INFO - 2020-11-17 10:19:54,464- create Australia - Victoria plot- plots
INFO - 2020-11-17 10:19:55,603- create Australia - Western Australia plot- plots
INFO - 2020-11-17 10:19:56,884- create Austria plot- plots
INFO - 2020-11-17 10:19:57,856- create Azerbaijan plot- plots
INFO - 2020-11-17 10:19:59,878- create Bahamas plot- plots
INFO - 2020-11-17 10:20:01,200- create Bahrain plot- plots
INFO - 2020-11-17 10:20:02,135- create Bangladesh plot- plots
INFO - 2020-11-17 10:20:03,312- create Barbados plot- plots
INFO - 2020-11-17 10:20:04,587- create Belarus plot- plots
INFO - 2020-11-17 10:20:05,843- create Belgium plot- plots
INFO - 2020-11-17 10:20:07,209- create Belize plot- plots
INFO - 2020-11-17 10:20:08,131- create Benin plot- plots
INFO - 2020-11-17 10:20:09,294- create Bhutan plot- plots
INFO - 2020-11-17 10:20:10,737- create Bolivia plot- plots
INFO - 2020-11-17 10:20:11,758- create Bosnia_and_Herzegovina plot- plots
INFO - 2020-11-17 10:20:12,709- create Botswana plot- plots
INFO - 2020-11-17 10:20:13,929- create Brazil plot- plots
INFO - 2020-11-17 10:20:15,370- create Brunei plot- plots
INFO - 2020-11-17 10:20:16,649- create Bulgaria plot- plots
INFO - 2020-11-17 10:20:17,635- create Burkina_Faso plot- plots
INFO - 2020-11-17 10:20:18,976- create Burma plot- plots
INFO - 2020-11-17 10:20:20,438- create Burundi plot- plots
INFO - 2020-11-17 10:20:21,592- create Cabo_Verde plot- plots
INFO - 2020-11-17 10:20:22,828- create Cambodia plot- plots
INFO - 2020-11-17 10:20:23,998- create Cameroon plot- plots
INFO - 2020-11-17 10:20:24,898- create Canada - Alberta plot- plots
INFO - 2020-11-17 10:20:25,899- create Canada - British Columbia plot- plots
INFO - 2020-11-17 10:20:26,849- create Canada - Diamond Princess plot- plots
INFO - 2020-11-17 10:20:28,107- create Canada - Grand Princess plot- plots
INFO - 2020-11-17 10:20:29,203- create Canada - Manitoba plot- plots
INFO - 2020-11-17 10:20:30,627- create Canada - New Brunswick plot- plots
INFO - 2020-11-17 10:20:31,635- create Canada - Newfoundland and Labrador plot- plots
INFO - 2020-11-17 10:20:32,678- create Canada - Northwest Territories plot- plots
INFO - 2020-11-17 10:20:33,965- create Canada - Nova Scotia plot- plots
INFO - 2020-11-17 10:20:34,956- create Canada - Ontario plot- plots
INFO - 2020-11-17 10:20:35,937- create Canada - Prince Edward Island plot- plots
INFO - 2020-11-17 10:20:37,030- create Canada - Quebec plot- plots
INFO - 2020-11-17 10:20:37,873- create Canada - Saskatchewan plot- plots
INFO - 2020-11-17 10:20:39,287- create Canada - Yukon plot- plots
INFO - 2020-11-17 10:20:40,830- create Central_African_Republic plot- plots
INFO - 2020-11-17 10:20:41,811- create Chad plot- plots
INFO - 2020-11-17 10:20:42,715- create Chile plot- plots
INFO - 2020-11-17 10:20:43,696- create China - Anhui plot- plots
INFO - 2020-11-17 10:20:44,957- create China - Beijing plot- plots
INFO - 2020-11-17 10:20:46,102- create China - Chongqing plot- plots
INFO - 2020-11-17 10:20:47,056- create China - Fujian plot- plots
INFO - 2020-11-17 10:20:48,024- create China - Gansu plot- plots
INFO - 2020-11-17 10:20:49,196- create China - Guangdong plot- plots
INFO - 2020-11-17 10:20:50,360- create China - Guangxi plot- plots
INFO - 2020-11-17 10:20:51,428- create China - Guizhou plot- plots
INFO - 2020-11-17 10:20:52,437- create China - Hainan plot- plots
INFO - 2020-11-17 10:20:53,414- create China - Hebei plot- plots
INFO - 2020-11-17 10:20:54,572- create China - Heilongjiang plot- plots
INFO - 2020-11-17 10:20:55,483- create China - Henan plot- plots
INFO - 2020-11-17 10:20:56,464- create China - Hong Kong plot- plots
INFO - 2020-11-17 10:20:57,474- create China - Hubei plot- plots
INFO - 2020-11-17 10:20:58,408- create China - Hunan plot- plots
INFO - 2020-11-17 10:20:59,635- create China - Inner Mongolia plot- plots
INFO - 2020-11-17 10:21:00,621- create China - Jiangsu plot- plots
INFO - 2020-11-17 10:21:01,546- create China - Jiangxi plot- plots
INFO - 2020-11-17 10:21:02,504- create China - Jilin plot- plots
INFO - 2020-11-17 10:21:03,711- create China - Liaoning plot- plots
INFO - 2020-11-17 10:21:04,813- create China - Macau plot- plots
INFO - 2020-11-17 10:21:05,788- create China - Ningxia plot- plots
INFO - 2020-11-17 10:21:06,666- create China - Qinghai plot- plots
INFO - 2020-11-17 10:21:07,586- create China - Shaanxi plot- plots
INFO - 2020-11-17 10:21:08,730- create China - Shandong plot- plots
INFO - 2020-11-17 10:21:09,792- create China - Shanghai plot- plots
INFO - 2020-11-17 10:21:10,687- create China - Shanxi plot- plots
INFO - 2020-11-17 10:21:11,585- create China - Sichuan plot- plots
INFO - 2020-11-17 10:21:12,573- create China - Tianjin plot- plots
INFO - 2020-11-17 10:21:13,597- create China - Tibet plot- plots
INFO - 2020-11-17 10:21:14,781- create China - Xinjiang plot- plots
INFO - 2020-11-17 10:21:15,773- create China - Yunnan plot- plots
INFO - 2020-11-17 10:21:16,771- create China - Zhejiang plot- plots
INFO - 2020-11-17 10:21:17,664- create Colombia plot- plots
INFO - 2020-11-17 10:21:18,790- create Comoros plot- plots
INFO - 2020-11-17 10:21:19,776- create Congo_(Brazzaville) plot- plots
INFO - 2020-11-17 10:21:20,813- create Congo_(Kinshasa) plot- plots
INFO - 2020-11-17 10:21:21,793- create Costa_Rica plot- plots
INFO - 2020-11-17 10:21:22,708- create Cote_d'Ivoire plot- plots
INFO - 2020-11-17 10:21:23,788- create Croatia plot- plots
INFO - 2020-11-17 10:21:24,872- create Cuba plot- plots
INFO - 2020-11-17 10:21:25,776- create Cyprus plot- plots
INFO - 2020-11-17 10:21:26,767- create Czechia plot- plots
INFO - 2020-11-17 10:21:27,755- create Denmark - Faroe Islands plot- plots
INFO - 2020-11-17 10:21:28,676- create Denmark - Greenland plot- plots
INFO - 2020-11-17 10:21:29,919- create Denmark plot- plots
INFO - 2020-11-17 10:21:30,901- create Diamond_Princess plot- plots
INFO - 2020-11-17 10:21:31,801- create Djibouti plot- plots
INFO - 2020-11-17 10:21:32,661- create Dominica plot- plots
INFO - 2020-11-17 10:21:33,645- create Dominican_Republic plot- plots
INFO - 2020-11-17 10:21:34,718- create Ecuador plot- plots
INFO - 2020-11-17 10:21:35,750- create Egypt plot- plots
INFO - 2020-11-17 10:21:36,687- create El_Salvador plot- plots
INFO - 2020-11-17 10:21:37,577- create Equatorial_Guinea plot- plots
INFO - 2020-11-17 10:21:38,643- create Eritrea plot- plots
INFO - 2020-11-17 10:21:39,996- create Estonia plot- plots
INFO - 2020-11-17 10:21:41,022- create Eswatini plot- plots
INFO - 2020-11-17 10:21:41,954- create Ethiopia plot- plots
INFO - 2020-11-17 10:21:42,958- create Fiji plot- plots
INFO - 2020-11-17 10:21:44,024- create Finland plot- plots
INFO - 2020-11-17 10:21:44,979- create France - French Guiana plot- plots
INFO - 2020-11-17 10:21:45,902- create France - French Polynesia plot- plots
INFO - 2020-11-17 10:21:46,967- create France - Guadeloupe plot- plots
INFO - 2020-11-17 10:21:47,845- create France - Martinique plot- plots
INFO - 2020-11-17 10:21:48,843- create France - Mayotte plot- plots
INFO - 2020-11-17 10:21:49,824- create France - New Caledonia plot- plots
INFO - 2020-11-17 10:21:50,799- create France - Reunion plot- plots
INFO - 2020-11-17 10:21:51,866- create France - Saint Barthelemy plot- plots
INFO - 2020-11-17 10:21:52,822- create France - Saint Pierre and Miquelon plot- plots
INFO - 2020-11-17 10:21:53,710- create France - St Martin plot- plots
INFO - 2020-11-17 10:21:54,791- create France plot- plots
INFO - 2020-11-17 10:21:55,794- create Gabon plot- plots
INFO - 2020-11-17 10:21:56,681- create Gambia plot- plots
INFO - 2020-11-17 10:21:57,674- create Georgia plot- plots
INFO - 2020-11-17 10:21:58,786- create Germany plot- plots
INFO - 2020-11-17 10:22:00,020- create Ghana plot- plots
INFO - 2020-11-17 10:22:00,920- create Greece plot- plots
INFO - 2020-11-17 10:22:01,866- create Grenada plot- plots
INFO - 2020-11-17 10:22:02,739- create Guatemala plot- plots
INFO - 2020-11-17 10:22:03,990- create Guinea plot- plots
INFO - 2020-11-17 10:22:05,065- create Guinea-Bissau plot- plots
INFO - 2020-11-17 10:22:06,077- create Guyana plot- plots
INFO - 2020-11-17 10:22:07,081- create Haiti plot- plots
INFO - 2020-11-17 10:22:07,967- create Holy_See plot- plots
INFO - 2020-11-17 10:22:09,103- create Honduras plot- plots
INFO - 2020-11-17 10:22:09,977- create Hungary plot- plots
INFO - 2020-11-17 10:22:10,948- create Iceland plot- plots
INFO - 2020-11-17 10:22:12,039- create India plot- plots
INFO - 2020-11-17 10:22:13,041- create Indonesia plot- plots
INFO - 2020-11-17 10:22:14,034- create Iran plot- plots
INFO - 2020-11-17 10:22:14,905- create Iraq plot- plots
INFO - 2020-11-17 10:22:15,817- create Ireland plot- plots
INFO - 2020-11-17 10:22:16,750- create Israel plot- plots
INFO - 2020-11-17 10:22:17,727- create Italy plot- plots
INFO - 2020-11-17 10:22:18,888- create Jamaica plot- plots
INFO - 2020-11-17 10:22:20,097- create Japan plot- plots
INFO - 2020-11-17 10:22:21,136- create Jordan plot- plots
INFO - 2020-11-17 10:22:22,063- create Kazakhstan plot- plots
INFO - 2020-11-17 10:22:23,004- create Kenya plot- plots
INFO - 2020-11-17 10:22:24,348- create Korea,_South plot- plots
INFO - 2020-11-17 10:22:25,256- create Kosovo plot- plots
INFO - 2020-11-17 10:22:26,256- create Kuwait plot- plots
INFO - 2020-11-17 10:22:27,167- create Kyrgyzstan plot- plots
INFO - 2020-11-17 10:22:28,161- create Laos plot- plots
INFO - 2020-11-17 10:22:29,288- create Latvia plot- plots
INFO - 2020-11-17 10:22:30,330- create Lebanon plot- plots
INFO - 2020-11-17 10:22:31,415- create Lesotho plot- plots
INFO - 2020-11-17 10:22:32,261- create Liberia plot- plots
INFO - 2020-11-17 10:22:33,150- create Libya plot- plots
INFO - 2020-11-17 10:22:34,399- create Liechtenstein plot- plots
INFO - 2020-11-17 10:22:35,281- create Lithuania plot- plots
INFO - 2020-11-17 10:22:36,215- create Luxembourg plot- plots
INFO - 2020-11-17 10:22:37,122- create MS_Zaandam plot- plots
INFO - 2020-11-17 10:22:38,080- create Madagascar plot- plots
INFO - 2020-11-17 10:22:39,136- create Malawi plot- plots
INFO - 2020-11-17 10:22:40,306- create Malaysia plot- plots
INFO - 2020-11-17 10:22:41,301- create Maldives plot- plots
INFO - 2020-11-17 10:22:42,459- create Mali plot- plots
INFO - 2020-11-17 10:22:43,463- create Malta plot- plots
INFO - 2020-11-17 10:22:44,554- create Marshall_Islands plot- plots
INFO - 2020-11-17 10:22:45,525- create Mauritania plot- plots
INFO - 2020-11-17 10:22:46,460- create Mauritius plot- plots
INFO - 2020-11-17 10:22:47,326- create Mexico plot- plots
INFO - 2020-11-17 10:22:48,406- create Moldova plot- plots
INFO - 2020-11-17 10:22:49,797- create Monaco plot- plots
INFO - 2020-11-17 10:22:50,677- create Mongolia plot- plots
INFO - 2020-11-17 10:22:51,635- create Montenegro plot- plots
INFO - 2020-11-17 10:22:52,555- create Morocco plot- plots
INFO - 2020-11-17 10:22:53,642- create Mozambique plot- plots
INFO - 2020-11-17 10:22:54,869- create Namibia plot- plots
INFO - 2020-11-17 10:22:55,813- create Nepal plot- plots
INFO - 2020-11-17 10:22:56,783- create Netherlands - Aruba plot- plots
INFO - 2020-11-17 10:22:58,989- create Netherlands - Bonaire, Sint Eustatius and Saba plot- plots
INFO - 2020-11-17 10:23:00,925- create Netherlands - Curacao plot- plots
INFO - 2020-11-17 10:23:01,879- create Netherlands - Sint Maarten plot- plots
INFO - 2020-11-17 10:23:02,836- create Netherlands plot- plots
INFO - 2020-11-17 10:23:04,329- create New_Zealand plot- plots
INFO - 2020-11-17 10:23:05,362- create Nicaragua plot- plots
INFO - 2020-11-17 10:23:06,342- create Niger plot- plots
INFO - 2020-11-17 10:23:07,580- create Nigeria plot- plots
INFO - 2020-11-17 10:23:08,644- create North_Macedonia plot- plots
INFO - 2020-11-17 10:23:10,184- create Norway plot- plots
INFO - 2020-11-17 10:23:11,118- create Oman plot- plots
INFO - 2020-11-17 10:23:12,118- create Pakistan plot- plots
INFO - 2020-11-17 10:23:13,042- create Panama plot- plots
INFO - 2020-11-17 10:23:14,098- create Papua_New_Guinea plot- plots
INFO - 2020-11-17 10:23:15,641- create Paraguay plot- plots
INFO - 2020-11-17 10:23:16,781- create Peru plot- plots
INFO - 2020-11-17 10:23:17,757- create Philippines plot- plots
INFO - 2020-11-17 10:23:18,704- create Poland plot- plots
INFO - 2020-11-17 10:23:20,315- create Portugal plot- plots
INFO - 2020-11-17 10:23:22,360- create Qatar plot- plots
INFO - 2020-11-17 10:23:24,174- create Romania plot- plots
INFO - 2020-11-17 10:23:25,801- create Russia plot- plots
INFO - 2020-11-17 10:23:27,583- create Rwanda plot- plots
INFO - 2020-11-17 10:23:29,275- create Saint_Kitts_and_Nevis plot- plots
INFO - 2020-11-17 10:23:30,745- create Saint_Lucia plot- plots
INFO - 2020-11-17 10:23:31,701- create Saint_Vincent_and_the_Grenadines plot- plots
INFO - 2020-11-17 10:23:32,753- create San_Marino plot- plots
INFO - 2020-11-17 10:23:34,555- create Sao_Tome_and_Principe plot- plots
INFO - 2020-11-17 10:23:35,988- create Saudi_Arabia plot- plots
INFO - 2020-11-17 10:23:37,872- create Senegal plot- plots
INFO - 2020-11-17 10:23:39,528- create Serbia plot- plots
INFO - 2020-11-17 10:23:41,040- create Seychelles plot- plots
INFO - 2020-11-17 10:23:42,006- create Sierra_Leone plot- plots
INFO - 2020-11-17 10:23:42,963- create Singapore plot- plots
INFO - 2020-11-17 10:23:43,962- create Slovakia plot- plots
INFO - 2020-11-17 10:23:45,189- create Slovenia plot- plots
INFO - 2020-11-17 10:23:46,356- create Solomon_Islands plot- plots
INFO - 2020-11-17 10:23:47,515- create Somalia plot- plots
INFO - 2020-11-17 10:23:48,815- create South_Africa plot- plots
INFO - 2020-11-17 10:23:50,234- create South_Sudan plot- plots
INFO - 2020-11-17 10:23:51,992- create Spain plot- plots
INFO - 2020-11-17 10:23:53,547- create Sri_Lanka plot- plots
INFO - 2020-11-17 10:23:54,963- create Sudan plot- plots
INFO - 2020-11-17 10:23:55,957- create Suriname plot- plots
INFO - 2020-11-17 10:23:57,051- create Sweden plot- plots
INFO - 2020-11-17 10:23:58,317- create Switzerland plot- plots
INFO - 2020-11-17 10:23:59,451- create Syria plot- plots
INFO - 2020-11-17 10:24:00,405- create Taiwan* plot- plots
INFO - 2020-11-17 10:24:01,272- create Tajikistan plot- plots
INFO - 2020-11-17 10:24:02,129- create Tanzania plot- plots
INFO - 2020-11-17 10:24:03,590- create Thailand plot- plots
INFO - 2020-11-17 10:24:04,978- create Timor-Leste plot- plots
INFO - 2020-11-17 10:24:05,920- create Togo plot- plots
INFO - 2020-11-17 10:24:06,780- create Trinidad_and_Tobago plot- plots
INFO - 2020-11-17 10:24:07,654- create Tunisia plot- plots
INFO - 2020-11-17 10:24:08,542- create Turkey plot- plots
INFO - 2020-11-17 10:24:10,006- create US plot- plots
INFO - 2020-11-17 10:24:10,895- create Uganda plot- plots
INFO - 2020-11-17 10:24:11,819- create Ukraine plot- plots
INFO - 2020-11-17 10:24:12,708- create United_Arab_Emirates plot- plots
INFO - 2020-11-17 10:24:13,663- create United_Kingdom - Anguilla plot- plots
INFO - 2020-11-17 10:24:15,157- create United_Kingdom - Bermuda plot- plots
INFO - 2020-11-17 10:24:16,455- create United_Kingdom - British Virgin Islands plot- plots
INFO - 2020-11-17 10:24:17,602- create United_Kingdom - Cayman Islands plot- plots
INFO - 2020-11-17 10:24:18,660- create United_Kingdom - Channel Islands plot- plots
INFO - 2020-11-17 10:24:20,484- create United_Kingdom - Falkland Islands (Malvinas) plot- plots
INFO - 2020-11-17 10:24:21,914- create United_Kingdom - Gibraltar plot- plots
INFO - 2020-11-17 10:24:22,940- create United_Kingdom - Isle of Man plot- plots
INFO - 2020-11-17 10:24:24,479- create United_Kingdom - Montserrat plot- plots
INFO - 2020-11-17 10:24:26,069- create United_Kingdom - Turks and Caicos Islands plot- plots
INFO - 2020-11-17 10:24:28,723- create United_Kingdom plot- plots
INFO - 2020-11-17 10:24:30,382- create Uruguay plot- plots
INFO - 2020-11-17 10:24:31,843- create Uzbekistan plot- plots
INFO - 2020-11-17 10:24:33,276- create Vanuatu plot- plots
INFO - 2020-11-17 10:24:35,124- create Venezuela plot- plots
INFO - 2020-11-17 10:24:36,583- create Vietnam plot- plots
INFO - 2020-11-17 10:24:37,616- create West_Bank_and_Gaza plot- plots
INFO - 2020-11-17 10:24:38,599- create Western_Sahara plot- plots
INFO - 2020-11-17 10:24:40,576- create Yemen plot- plots
INFO - 2020-11-17 10:24:42,108- create Zambia plot- plots
INFO - 2020-11-17 10:24:43,282- create Zimbabwe plot- plots
INFO - 2020-11-17 10:24:44,487- create World plot- plots
INFO - 2020-11-17 10:24:45,384- create Canada plot- plots
INFO - 2020-11-17 10:26:10,543- create Afghanistan plot- plots
INFO - 2020-11-17 10:26:11,670- create Albania plot- plots
INFO - 2020-11-17 10:26:12,627- create Algeria plot- plots
INFO - 2020-11-17 10:26:13,697- create Andorra plot- plots
INFO - 2020-11-17 10:26:14,867- create Angola plot- plots
INFO - 2020-11-17 10:26:16,533- create Antigua_and_Barbuda plot- plots
INFO - 2020-11-17 10:26:18,527- create Argentina plot- plots
INFO - 2020-11-17 10:26:19,629- create Armenia plot- plots
INFO - 2020-11-17 10:26:20,740- create Australia - Australian Capital Territory plot- plots
INFO - 2020-11-17 10:26:21,835- create Australia - New South Wales plot- plots
INFO - 2020-11-17 10:26:23,682- create Australia - Northern Territory plot- plots
INFO - 2020-11-17 10:26:25,121- create Australia - Queensland plot- plots
INFO - 2020-11-17 10:26:26,197- create Australia - South Australia plot- plots
INFO - 2020-11-17 10:26:27,689- create Australia - Tasmania plot- plots
INFO - 2020-11-17 10:26:28,819- create Australia - Victoria plot- plots
INFO - 2020-11-17 10:26:30,781- create Australia - Western Australia plot- plots
INFO - 2020-11-17 10:26:31,975- create Austria plot- plots
INFO - 2020-11-17 10:26:33,580- create Azerbaijan plot- plots
INFO - 2020-11-17 10:26:35,216- create Bahamas plot- plots
INFO - 2020-11-17 10:26:36,616- create Bahrain plot- plots
INFO - 2020-11-17 10:26:37,538- create Bangladesh plot- plots
INFO - 2020-11-17 10:26:38,618- create Barbados plot- plots
INFO - 2020-11-17 10:26:39,822- create Belarus plot- plots
INFO - 2020-11-17 10:26:41,394- create Belgium plot- plots
INFO - 2020-11-17 10:26:42,757- create Belize plot- plots
INFO - 2020-11-17 10:26:44,554- create Benin plot- plots
INFO - 2020-11-17 10:26:46,211- create Bhutan plot- plots
INFO - 2020-11-17 10:26:48,049- create Bolivia plot- plots
INFO - 2020-11-17 10:26:49,731- create Bosnia_and_Herzegovina plot- plots
INFO - 2020-11-17 10:26:51,508- create Botswana plot- plots
INFO - 2020-11-17 10:26:53,563- create Brazil plot- plots
INFO - 2020-11-17 10:26:55,200- create Brunei plot- plots
INFO - 2020-11-17 10:26:56,788- create Bulgaria plot- plots
INFO - 2020-11-17 10:26:58,373- create Burkina_Faso plot- plots
INFO - 2020-11-17 10:27:00,298- create Burma plot- plots
INFO - 2020-11-17 10:27:01,529- create Burundi plot- plots
INFO - 2020-11-17 10:27:02,857- create Cabo_Verde plot- plots
INFO - 2020-11-17 10:27:04,528- create Cambodia plot- plots
INFO - 2020-11-17 10:27:06,334- create Cameroon plot- plots
INFO - 2020-11-17 10:27:07,478- create Canada - Alberta plot- plots
INFO - 2020-11-17 10:27:08,717- create Canada - British Columbia plot- plots
INFO - 2020-11-17 10:27:10,570- create Canada - Diamond Princess plot- plots
INFO - 2020-11-17 10:27:12,020- create Canada - Grand Princess plot- plots
INFO - 2020-11-17 18:22:51,020- create Afghanistan plot- plots
INFO - 2020-11-17 18:22:51,946- create Albania plot- plots
INFO - 2020-11-17 18:22:53,127- create Algeria plot- plots
INFO - 2020-11-17 18:22:54,137- create Andorra plot- plots
INFO - 2020-11-17 18:22:55,059- create Angola plot- plots
INFO - 2020-11-17 18:22:56,171- create Antigua_and_Barbuda plot- plots
INFO - 2020-11-17 18:22:57,290- create Argentina plot- plots
INFO - 2020-11-17 18:22:58,704- create Armenia plot- plots
INFO - 2020-11-17 18:23:00,009- create Australia - Australian Capital Territory plot- plots
INFO - 2020-11-17 18:23:01,137- create Australia - New South Wales plot- plots
INFO - 2020-11-17 18:23:02,127- create Australia - Northern Territory plot- plots
INFO - 2020-11-17 18:23:02,974- create Australia - Queensland plot- plots
INFO - 2020-11-17 18:23:04,039- create Australia - South Australia plot- plots
INFO - 2020-11-17 18:23:05,117- create Australia - Tasmania plot- plots
INFO - 2020-11-17 18:23:05,962- create Australia - Victoria plot- plots
INFO - 2020-11-17 18:23:06,852- create Australia - Western Australia plot- plots
INFO - 2020-11-17 18:23:07,720- create Austria plot- plots
INFO - 2020-11-17 18:23:08,561- create Azerbaijan plot- plots
INFO - 2020-11-17 18:23:09,644- create Bahamas plot- plots
INFO - 2020-11-17 18:23:10,846- create Bahrain plot- plots
INFO - 2020-11-17 18:23:11,692- create Bangladesh plot- plots
INFO - 2020-11-17 18:23:12,580- create Barbados plot- plots
INFO - 2020-11-17 18:23:13,466- create Belarus plot- plots
INFO - 2020-11-17 18:23:14,488- create Belgium plot- plots
INFO - 2020-11-17 18:23:15,411- create Belize plot- plots
INFO - 2020-11-17 18:23:16,497- create Benin plot- plots
INFO - 2020-11-17 18:23:17,351- create Bhutan plot- plots
INFO - 2020-11-17 18:23:18,207- create Bolivia plot- plots
INFO - 2020-11-17 18:23:19,207- create Bosnia_and_Herzegovina plot- plots
INFO - 2020-11-17 18:23:20,073- create Botswana plot- plots
INFO - 2020-11-17 18:23:21,001- create Brazil plot- plots
INFO - 2020-11-17 18:23:22,180- create Brunei plot- plots
INFO - 2020-11-17 18:23:23,051- create Bulgaria plot- plots
INFO - 2020-11-17 18:23:24,055- create Burkina_Faso plot- plots
INFO - 2020-11-17 18:23:24,936- create Burma plot- plots
INFO - 2020-11-17 18:23:25,794- create Burundi plot- plots
INFO - 2020-11-17 18:23:26,699- create Cabo_Verde plot- plots
INFO - 2020-11-17 18:23:27,828- create Cambodia plot- plots
INFO - 2020-11-17 18:23:28,691- create Cameroon plot- plots
INFO - 2020-11-17 18:23:29,812- create Canada - Alberta plot- plots
INFO - 2020-11-17 18:23:30,763- create Canada - British Columbia plot- plots
INFO - 2020-11-17 18:23:31,782- create Canada - Diamond Princess plot- plots
INFO - 2020-11-17 18:23:32,749- create Canada - Grand Princess plot- plots
INFO - 2020-11-17 18:23:33,980- create Canada - Manitoba plot- plots
INFO - 2020-11-17 18:23:34,873- create Canada - New Brunswick plot- plots
INFO - 2020-11-17 18:23:35,666- create Canada - Newfoundland and Labrador plot- plots
INFO - 2020-11-17 18:23:36,470- create Canada - Northwest Territories plot- plots
INFO - 2020-11-17 18:23:37,262- create Canada - Nova Scotia plot- plots
INFO - 2020-11-17 18:23:38,098- create Canada - Ontario plot- plots
INFO - 2020-11-17 18:23:39,358- create Canada - Prince Edward Island plot- plots
INFO - 2020-11-17 18:23:40,203- create Canada - Quebec plot- plots
INFO - 2020-11-17 18:23:41,017- create Canada - Saskatchewan plot- plots
INFO - 2020-11-17 18:23:41,889- create Canada - Yukon plot- plots
INFO - 2020-11-17 18:23:42,759- create Central_African_Republic plot- plots
INFO - 2020-11-17 18:23:43,641- create Chad plot- plots
INFO - 2020-11-17 18:23:44,920- create Chile plot- plots
INFO - 2020-11-17 18:23:45,865- create China - Anhui plot- plots
INFO - 2020-11-17 18:23:46,731- create China - Beijing plot- plots
INFO - 2020-11-17 18:23:47,589- create China - Chongqing plot- plots
INFO - 2020-11-17 18:23:48,451- create China - Fujian plot- plots
INFO - 2020-11-17 18:23:49,474- create China - Gansu plot- plots
INFO - 2020-11-17 18:23:50,414- create China - Guangdong plot- plots
INFO - 2020-11-17 18:23:51,474- create China - Guangxi plot- plots
INFO - 2020-11-17 18:23:52,410- create China - Guizhou plot- plots
INFO - 2020-11-17 18:23:53,258- create China - Hainan plot- plots
INFO - 2020-11-17 18:23:54,217- create China - Hebei plot- plots
INFO - 2020-11-17 18:23:55,087- create China - Heilongjiang plot- plots
INFO - 2020-11-17 18:23:55,959- create China - Henan plot- plots
INFO - 2020-11-17 18:23:57,109- create China - Hong Kong plot- plots
INFO - 2020-11-17 18:23:57,996- create China - Hubei plot- plots
INFO - 2020-11-17 18:23:58,906- create China - Hunan plot- plots
INFO - 2020-11-17 18:23:59,857- create China - Inner Mongolia plot- plots
INFO - 2020-11-17 18:24:00,728- create China - Jiangsu plot- plots
INFO - 2020-11-17 18:24:01,559- create China - Jiangxi plot- plots
INFO - 2020-11-17 18:24:02,496- create China - Jilin plot- plots
INFO - 2020-11-17 18:24:03,378- create China - Liaoning plot- plots
INFO - 2020-11-17 18:24:04,908- create China - Macau plot- plots
INFO - 2020-11-17 18:24:06,321- create China - Ningxia plot- plots
INFO - 2020-11-17 18:24:07,170- create China - Qinghai plot- plots
INFO - 2020-11-17 18:24:08,035- create China - Shaanxi plot- plots
INFO - 2020-11-17 18:24:08,962- create China - Shandong plot- plots
INFO - 2020-11-17 18:24:09,906- create China - Shanghai plot- plots
INFO - 2020-11-17 18:24:10,898- create China - Shanxi plot- plots
INFO - 2020-11-17 18:24:11,902- create China - Sichuan plot- plots
INFO - 2020-11-17 18:24:12,782- create China - Tianjin plot- plots
INFO - 2020-11-17 18:24:13,695- create China - Tibet plot- plots
INFO - 2020-11-17 18:24:14,702- create China - Xinjiang plot- plots
INFO - 2020-11-17 18:24:15,567- create China - Yunnan plot- plots
INFO - 2020-11-17 18:24:16,409- create China - Zhejiang plot- plots
INFO - 2020-11-17 18:24:17,242- create Colombia plot- plots
INFO - 2020-11-17 18:24:18,149- create Comoros plot- plots
INFO - 2020-11-17 18:24:19,081- create Congo_(Brazzaville) plot- plots
INFO - 2020-11-17 18:24:20,012- create Congo_(Kinshasa) plot- plots
INFO - 2020-11-17 18:24:20,864- create Costa_Rica plot- plots
INFO - 2020-11-17 18:24:21,744- create Cote_d'Ivoire plot- plots
INFO - 2020-11-17 18:24:22,598- create Croatia plot- plots
INFO - 2020-11-17 18:24:23,578- create Cuba plot- plots
INFO - 2020-11-17 18:24:24,577- create Cyprus plot- plots
INFO - 2020-11-17 18:24:25,437- create Czechia plot- plots
INFO - 2020-11-17 18:24:26,306- create Denmark - Faroe Islands plot- plots
INFO - 2020-11-17 18:24:27,140- create Denmark - Greenland plot- plots
INFO - 2020-11-17 18:24:28,013- create Denmark plot- plots
INFO - 2020-11-17 18:24:28,864- create Diamond_Princess plot- plots
INFO - 2020-11-17 18:24:29,863- create Djibouti plot- plots
INFO - 2020-11-17 18:24:30,752- create Dominica plot- plots
INFO - 2020-11-17 18:24:31,631- create Dominican_Republic plot- plots
INFO - 2020-11-17 18:24:32,488- create Ecuador plot- plots
INFO - 2020-11-17 18:24:33,439- create Egypt plot- plots
INFO - 2020-11-17 18:24:34,434- create El_Salvador plot- plots
INFO - 2020-11-17 18:24:35,285- create Equatorial_Guinea plot- plots
INFO - 2020-11-17 18:24:36,128- create Eritrea plot- plots
INFO - 2020-11-17 18:24:36,975- create Estonia plot- plots
INFO - 2020-11-17 18:24:37,837- create Eswatini plot- plots
INFO - 2020-11-17 18:24:38,693- create Ethiopia plot- plots
INFO - 2020-11-17 18:24:39,699- create Fiji plot- plots
INFO - 2020-11-17 18:24:40,573- create Finland plot- plots
INFO - 2020-11-17 18:24:41,442- create France - French Guiana plot- plots
INFO - 2020-11-17 18:24:42,289- create France - French Polynesia plot- plots
INFO - 2020-11-17 18:24:43,216- create France - Guadeloupe plot- plots
INFO - 2020-11-17 18:24:44,182- create France - Martinique plot- plots
INFO - 2020-11-17 18:24:45,043- create France - Mayotte plot- plots
INFO - 2020-11-17 18:24:45,875- create France - New Caledonia plot- plots
INFO - 2020-11-17 18:24:46,750- create France - Reunion plot- plots
INFO - 2020-11-17 18:24:47,680- create France - Saint Barthelemy plot- plots
INFO - 2020-11-17 18:24:48,519- create France - Saint Pierre and Miquelon plot- plots
INFO - 2020-11-17 18:24:49,510- create France - St Martin plot- plots
INFO - 2020-11-17 18:24:50,378- create France plot- plots
INFO - 2020-11-17 18:24:51,249- create Gabon plot- plots
INFO - 2020-11-17 18:24:52,111- create Gambia plot- plots
INFO - 2020-11-17 18:24:53,035- create Georgia plot- plots
INFO - 2020-11-17 18:24:53,973- create Germany plot- plots
INFO - 2020-11-17 18:24:54,930- create Ghana plot- plots
INFO - 2020-11-17 18:24:55,802- create Greece plot- plots
INFO - 2020-11-17 18:24:56,645- create Grenada plot- plots
INFO - 2020-11-17 18:24:57,486- create Guatemala plot- plots
INFO - 2020-11-17 18:24:58,381- create Guinea plot- plots
INFO - 2020-11-17 18:24:59,341- create Guinea-Bissau plot- plots
INFO - 2020-11-17 18:25:00,252- create Guyana plot- plots
INFO - 2020-11-17 18:25:01,123- create Haiti plot- plots
INFO - 2020-11-17 18:25:01,967- create Holy_See plot- plots
INFO - 2020-11-17 18:25:02,940- create Honduras plot- plots
INFO - 2020-11-17 18:25:03,795- create Hungary plot- plots
INFO - 2020-11-17 18:25:04,843- create Iceland plot- plots
INFO - 2020-11-17 18:25:05,703- create India plot- plots
INFO - 2020-11-17 18:25:06,566- create Indonesia plot- plots
INFO - 2020-11-17 18:25:07,424- create Iran plot- plots
INFO - 2020-11-17 18:25:08,260- create Iraq plot- plots
INFO - 2020-11-17 18:25:09,209- create Ireland plot- plots
INFO - 2020-11-17 18:25:10,144- create Israel plot- plots
INFO - 2020-11-17 18:25:11,012- create Italy plot- plots
INFO - 2020-11-17 18:25:11,889- create Jamaica plot- plots
INFO - 2020-11-17 18:25:12,813- create Japan plot- plots
INFO - 2020-11-17 18:25:13,664- create Jordan plot- plots
INFO - 2020-11-17 18:25:14,914- create Kazakhstan plot- plots
INFO - 2020-11-17 18:25:15,998- create Kenya plot- plots
INFO - 2020-11-17 18:25:17,008- create Korea,_South plot- plots
INFO - 2020-11-17 18:25:17,879- create Kosovo plot- plots
INFO - 2020-11-17 18:25:18,763- create Kuwait plot- plots
INFO - 2020-11-17 18:25:19,797- create Kyrgyzstan plot- plots
INFO - 2020-11-17 18:25:20,694- create Laos plot- plots
INFO - 2020-11-17 18:25:21,539- create Latvia plot- plots
INFO - 2020-11-17 18:25:22,386- create Lebanon plot- plots
INFO - 2020-11-17 18:25:23,326- create Lesotho plot- plots
INFO - 2020-11-17 18:25:24,316- create Liberia plot- plots
INFO - 2020-11-17 18:25:25,140- create Libya plot- plots
INFO - 2020-11-17 18:25:25,998- create Liechtenstein plot- plots
INFO - 2020-11-17 18:25:26,842- create Lithuania plot- plots
INFO - 2020-11-17 18:25:27,670- create Luxembourg plot- plots
INFO - 2020-11-17 18:25:28,499- create MS_Zaandam plot- plots
INFO - 2020-11-17 18:25:29,496- create Madagascar plot- plots
INFO - 2020-11-17 18:25:30,346- create Malawi plot- plots
INFO - 2020-11-17 18:25:31,197- create Malaysia plot- plots
INFO - 2020-11-17 18:25:32,075- create Maldives plot- plots
INFO - 2020-11-17 18:25:33,046- create Mali plot- plots
INFO - 2020-11-17 18:25:33,928- create Malta plot- plots
INFO - 2020-11-17 18:25:34,929- create Marshall_Islands plot- plots
INFO - 2020-11-17 18:25:35,789- create Mauritania plot- plots
INFO - 2020-11-17 18:25:36,638- create Mauritius plot- plots
INFO - 2020-11-17 18:25:37,496- create Mexico plot- plots
INFO - 2020-11-17 18:25:38,370- create Moldova plot- plots
INFO - 2020-11-17 18:25:39,364- create Monaco plot- plots
INFO - 2020-11-17 18:25:40,213- create Mongolia plot- plots
INFO - 2020-11-17 18:25:41,074- create Montenegro plot- plots
INFO - 2020-11-17 18:25:41,940- create Morocco plot- plots
INFO - 2020-11-17 18:25:42,886- create Mozambique plot- plots
INFO - 2020-11-17 18:25:43,742- create Namibia plot- plots
INFO - 2020-11-17 18:25:44,794- create Nepal plot- plots
INFO - 2020-11-17 18:25:45,659- create Netherlands - Aruba plot- plots
INFO - 2020-11-17 18:25:46,509- create Netherlands - Bonaire, Sint Eustatius and Saba plot- plots
INFO - 2020-11-17 18:25:47,370- create Netherlands - Curacao plot- plots
INFO - 2020-11-17 18:25:48,243- create Netherlands - Sint Maarten plot- plots
INFO - 2020-11-17 18:25:49,151- create Netherlands plot- plots
INFO - 2020-11-17 18:25:50,087- create New_Zealand plot- plots
INFO - 2020-11-17 18:25:50,935- create Nicaragua plot- plots
INFO - 2020-11-17 18:25:51,800- create Niger plot- plots
INFO - 2020-11-17 18:25:52,711- create Nigeria plot- plots
INFO - 2020-11-17 18:25:53,562- create North_Macedonia plot- plots
INFO - 2020-11-17 18:25:54,570- create Norway plot- plots
INFO - 2020-11-17 18:25:55,403- create Oman plot- plots
INFO - 2020-11-17 18:25:56,264- create Pakistan plot- plots
INFO - 2020-11-17 18:25:57,418- create Panama plot- plots
INFO - 2020-11-17 18:25:58,320- create Papua_New_Guinea plot- plots
INFO - 2020-11-17 18:25:59,538- create Paraguay plot- plots
INFO - 2020-11-17 18:26:00,517- create Peru plot- plots
INFO - 2020-11-17 18:26:01,408- create Philippines plot- plots
INFO - 2020-11-17 18:26:02,265- create Poland plot- plots
INFO - 2020-11-17 18:26:03,190- create Portugal plot- plots
INFO - 2020-11-17 18:26:04,108- create Qatar plot- plots
INFO - 2020-11-17 18:26:05,062- create Romania plot- plots
INFO - 2020-11-17 18:26:05,902- create Russia plot- plots
INFO - 2020-11-17 18:26:06,753- create Rwanda plot- plots
INFO - 2020-11-17 18:26:07,603- create Saint_Kitts_and_Nevis plot- plots
INFO - 2020-11-17 18:26:08,455- create Saint_Lucia plot- plots
INFO - 2020-11-17 18:26:09,440- create Saint_Vincent_and_the_Grenadines plot- plots
INFO - 2020-11-17 18:26:10,329- create San_Marino plot- plots
INFO - 2020-11-17 18:26:11,177- create Sao_Tome_and_Principe plot- plots
INFO - 2020-11-17 18:26:12,063- create Saudi_Arabia plot- plots
INFO - 2020-11-17 18:26:13,016- create Senegal plot- plots
INFO - 2020-11-17 18:26:13,868- create Serbia plot- plots
INFO - 2020-11-17 18:26:14,890- create Seychelles plot- plots
INFO - 2020-11-17 18:26:15,776- create Sierra_Leone plot- plots
INFO - 2020-11-17 18:26:16,632- create Singapore plot- plots
INFO - 2020-11-17 18:26:17,496- create Slovakia plot- plots
INFO - 2020-11-17 18:26:18,342- create Slovenia plot- plots
INFO - 2020-11-17 18:26:19,290- create Solomon_Islands plot- plots
INFO - 2020-11-17 18:26:20,168- create Somalia plot- plots
INFO - 2020-11-17 18:26:21,047- create South_Africa plot- plots
INFO - 2020-11-17 18:26:21,883- create South_Sudan plot- plots
INFO - 2020-11-17 18:26:22,821- create Spain plot- plots
INFO - 2020-11-17 18:26:23,668- create Sri_Lanka plot- plots
INFO - 2020-11-17 18:26:24,663- create Sudan plot- plots
INFO - 2020-11-17 18:26:25,555- create Suriname plot- plots
INFO - 2020-11-17 18:26:26,418- create Sweden plot- plots
INFO - 2020-11-17 18:26:27,267- create Switzerland plot- plots
INFO - 2020-11-17 18:26:28,119- create Syria plot- plots
INFO - 2020-11-17 18:26:28,987- create Taiwan* plot- plots
INFO - 2020-11-17 18:26:30,052- create Tajikistan plot- plots
INFO - 2020-11-17 18:26:30,905- create Tanzania plot- plots
INFO - 2020-11-17 18:26:31,755- create Thailand plot- plots
INFO - 2020-11-17 18:26:32,674- create Timor-Leste plot- plots
INFO - 2020-11-17 18:26:33,565- create Togo plot- plots
INFO - 2020-11-17 18:26:34,569- create Trinidad_and_Tobago plot- plots
INFO - 2020-11-17 18:26:35,546- create Tunisia plot- plots
INFO - 2020-11-17 18:26:36,621- create Turkey plot- plots
INFO - 2020-11-17 18:26:37,495- create US plot- plots
INFO - 2020-11-17 18:26:38,372- create Uganda plot- plots
INFO - 2020-11-17 18:26:39,346- create Ukraine plot- plots
INFO - 2020-11-17 18:26:40,239- create United_Arab_Emirates plot- plots
INFO - 2020-11-17 18:26:41,082- create United_Kingdom - Anguilla plot- plots
INFO - 2020-11-17 18:26:41,934- create United_Kingdom - Bermuda plot- plots
INFO - 2020-11-17 18:26:42,869- create United_Kingdom - British Virgin Islands plot- plots
INFO - 2020-11-17 18:26:43,736- create United_Kingdom - Cayman Islands plot- plots
INFO - 2020-11-17 18:26:44,747- create United_Kingdom - Channel Islands plot- plots
INFO - 2020-11-17 18:26:45,613- create United_Kingdom - Falkland Islands (Malvinas) plot- plots
INFO - 2020-11-17 18:26:46,498- create United_Kingdom - Gibraltar plot- plots
INFO - 2020-11-17 18:26:47,336- create United_Kingdom - Isle of Man plot- plots
INFO - 2020-11-17 18:26:48,249- create United_Kingdom - Montserrat plot- plots
INFO - 2020-11-17 18:26:49,163- create United_Kingdom - Turks and Caicos Islands plot- plots
INFO - 2020-11-17 18:26:50,267- create United_Kingdom plot- plots
INFO - 2020-11-17 18:26:51,170- create Uruguay plot- plots
INFO - 2020-11-17 18:26:52,165- create Uzbekistan plot- plots
INFO - 2020-11-17 18:26:53,451- create Vanuatu plot- plots
INFO - 2020-11-17 18:26:54,826- create Venezuela plot- plots
INFO - 2020-11-17 18:26:55,922- create Vietnam plot- plots
INFO - 2020-11-17 18:26:57,043- create West_Bank_and_Gaza plot- plots
INFO - 2020-11-17 18:26:58,118- create Western_Sahara plot- plots
INFO - 2020-11-17 18:26:59,220- create Yemen plot- plots
INFO - 2020-11-17 18:27:00,415- create Zambia plot- plots
INFO - 2020-11-17 18:27:01,561- create Zimbabwe plot- plots
INFO - 2020-11-17 18:27:02,785- create World plot- plots
INFO - 2020-11-17 18:27:03,641- create Canada plot- plots
